# JRE version: OpenJDK Runtime Environment (8.0_202-b03) (build 1.8.0_202-release-1483-b03)
# Java VM: OpenJDK 64-Bit Server VM (25.202-b03 mixed mode windows-amd64 compressed oops)
Heap:
 PSYoungGen      total 406016K, used 313490K [0x00000000e0000000, 0x0000000100000000, 0x0000000100000000)
  eden space 310272K, 72% used [0x00000000e0000000,0x00000000edbd7fa0,0x00000000f2f00000)
  from space 95744K, 92% used [0x00000000fa280000,0x00000000ff8ccc50,0x0000000100000000)
  to   space 107008K, 0% used [0x00000000f2f00000,0x00000000f2f00000,0x00000000f9780000)
 ParOldGen       total 278016K, used 96747K [0x00000000a0000000, 0x00000000b0f80000, 0x00000000e0000000)
  object space 278016K, 34% used [0x00000000a0000000,0x00000000a5e7ac20,0x00000000b0f80000)
 Metaspace       used 192712K, capacity 206046K, committed 206336K, reserved 1228800K
  class space    used 24426K, capacity 26780K, committed 26880K, reserved 1048576K
GC Heap History (10 events):
Event: 3640.345 GC heap before
{Heap before GC invocations=33 (full 5):
 PSYoungGen      total 442368K, used 430933K [0x00000000e0000000, 0x0000000100000000, 0x0000000100000000)
  eden space 369664K, 100% used [0x00000000e0000000,0x00000000f6900000,0x00000000f6900000)
  from space 72704K, 84% used [0x00000000f6900000,0x00000000fa4d5540,0x00000000fb000000)
  to   space 79872K, 0% used [0x00000000fb200000,0x00000000fb200000,0x0000000100000000)
 ParOldGen       total 278016K, used 96723K [0x00000000a0000000, 0x00000000b0f80000, 0x00000000e0000000)
  object space 278016K, 34% used [0x00000000a0000000,0x00000000a5e74c20,0x00000000b0f80000)
 Metaspace       used 180515K, capacity 192790K, committed 193024K, reserved 1216512K
  class space    used 22872K, capacity 25052K, committed 25088K, reserved 1048576K
Event: 3640.497 GC heap after
Heap after GC invocations=33 (full 5):
 PSYoungGen      total 438272K, used 55317K [0x00000000e0000000, 0x0000000100000000, 0x0000000100000000)
  eden space 358400K, 0% used [0x00000000e0000000,0x00000000e0000000,0x00000000f5e00000)
  from space 79872K, 69% used [0x00000000fb200000,0x00000000fe8057e8,0x0000000100000000)
  to   space 82944K, 0% used [0x00000000f5e00000,0x00000000f5e00000,0x00000000faf00000)
 ParOldGen       total 278016K, used 96731K [0x00000000a0000000, 0x00000000b0f80000, 0x00000000e0000000)
  object space 278016K, 34% used [0x00000000a0000000,0x00000000a5e76c20,0x00000000b0f80000)
 Metaspace       used 180515K, capacity 192790K, committed 193024K, reserved 1216512K
  class space    used 22872K, capacity 25052K, committed 25088K, reserved 1048576K
}
Event: 3652.704 GC heap before
{Heap before GC invocations=34 (full 5):
 PSYoungGen      total 438272K, used 413717K [0x00000000e0000000, 0x0000000100000000, 0x0000000100000000)
  eden space 358400K, 100% used [0x00000000e0000000,0x00000000f5e00000,0x00000000f5e00000)
  from space 79872K, 69% used [0x00000000fb200000,0x00000000fe8057e8,0x0000000100000000)
  to   space 82944K, 0% used [0x00000000f5e00000,0x00000000f5e00000,0x00000000faf00000)
 ParOldGen       total 278016K, used 96731K [0x00000000a0000000, 0x00000000b0f80000, 0x00000000e0000000)
  object space 278016K, 34% used [0x00000000a0000000,0x00000000a5e76c20,0x00000000b0f80000)
 Metaspace       used 188750K, capacity 201524K, committed 201728K, reserved 1224704K
  class space    used 24064K, capacity 26335K, committed 26368K, reserved 1048576K
Event: 3652.785 GC heap after
Heap after GC invocations=34 (full 5):
 PSYoungGen      total 420352K, used 61937K [0x00000000e0000000, 0x0000000100000000, 0x0000000100000000)
  eden space 358400K, 0% used [0x00000000e0000000,0x00000000e0000000,0x00000000f5e00000)
  from space 61952K, 99% used [0x00000000f5e00000,0x00000000f9a7c428,0x00000000f9a80000)
  to   space 88064K, 0% used [0x00000000faa00000,0x00000000faa00000,0x0000000100000000)
 ParOldGen       total 278016K, used 96731K [0x00000000a0000000, 0x00000000b0f80000, 0x00000000e0000000)
  object space 278016K, 34% used [0x00000000a0000000,0x00000000a5e76c20,0x00000000b0f80000)
 Metaspace       used 188750K, capacity 201524K, committed 201728K, reserved 1224704K
  class space    used 24064K, capacity 26335K, committed 26368K, reserved 1048576K
}
Event: 3655.313 GC heap before
{Heap before GC invocations=35 (full 5):
 PSYoungGen      total 420352K, used 420337K [0x00000000e0000000, 0x0000000100000000, 0x0000000100000000)
  eden space 358400K, 100% used [0x00000000e0000000,0x00000000f5e00000,0x00000000f5e00000)
  from space 61952K, 99% used [0x00000000f5e00000,0x00000000f9a7c428,0x00000000f9a80000)
  to   space 88064K, 0% used [0x00000000faa00000,0x00000000faa00000,0x0000000100000000)
 ParOldGen       total 278016K, used 96731K [0x00000000a0000000, 0x00000000b0f80000, 0x00000000e0000000)
  object space 278016K, 34% used [0x00000000a0000000,0x00000000a5e76c20,0x00000000b0f80000)
 Metaspace       used 191414K, capacity 204656K, committed 204928K, reserved 1226752K
  class space    used 24312K, capacity 26661K, committed 26752K, reserved 1048576K
Event: 3655.452 GC heap after
Heap after GC invocations=35 (full 5):
 PSYoungGen      total 418816K, used 76030K [0x00000000e0000000, 0x0000000100000000, 0x0000000100000000)
  eden space 330752K, 0% used [0x00000000e0000000,0x00000000e0000000,0x00000000f4300000)
  from space 88064K, 86% used [0x00000000faa00000,0x00000000ff43fb68,0x0000000100000000)
  to   space 96768K, 0% used [0x00000000f4300000,0x00000000f4300000,0x00000000fa180000)
 ParOldGen       total 278016K, used 96739K [0x00000000a0000000, 0x00000000b0f80000, 0x00000000e0000000)
  object space 278016K, 34% used [0x00000000a0000000,0x00000000a5e78c20,0x00000000b0f80000)
 Metaspace       used 191414K, capacity 204656K, committed 204928K, reserved 1226752K
  class space    used 24312K, capacity 26661K, committed 26752K, reserved 1048576K
}
Event: 3658.056 GC heap before
{Heap before GC invocations=36 (full 5):
 PSYoungGen      total 418816K, used 406635K [0x00000000e0000000, 0x0000000100000000, 0x0000000100000000)
  eden space 330752K, 99% used [0x00000000e0000000,0x00000000f42db180,0x00000000f4300000)
  from space 88064K, 86% used [0x00000000faa00000,0x00000000ff43fb68,0x0000000100000000)
  to   space 96768K, 0% used [0x00000000f4300000,0x00000000f4300000,0x00000000fa180000)
 ParOldGen       total 278016K, used 96739K [0x00000000a0000000, 0x00000000b0f80000, 0x00000000e0000000)
  object space 278016K, 34% used [0x00000000a0000000,0x00000000a5e78c20,0x00000000b0f80000)
 Metaspace       used 191983K, capacity 205230K, committed 205440K, reserved 1228800K
  class space    used 24362K, capacity 26726K, committed 26752K, reserved 1048576K
Event: 3658.177 GC heap after
Heap after GC invocations=36 (full 5):
 PSYoungGen      total 427520K, used 54855K [0x00000000e0000000, 0x0000000100000000, 0x0000000100000000)
  eden space 330752K, 0% used [0x00000000e0000000,0x00000000e0000000,0x00000000f4300000)
  from space 96768K, 56% used [0x00000000f4300000,0x00000000f7891eb0,0x00000000fa180000)
  to   space 95744K, 0% used [0x00000000fa280000,0x00000000fa280000,0x0000000100000000)
 ParOldGen       total 278016K, used 96747K [0x00000000a0000000, 0x00000000b0f80000, 0x00000000e0000000)
  object space 278016K, 34% used [0x00000000a0000000,0x00000000a5e7ac20,0x00000000b0f80000)
 Metaspace       used 191983K, capacity 205230K, committed 205440K, reserved 1228800K
  class space    used 24362K, capacity 26726K, committed 26752K, reserved 1048576K
}
Event: 3662.435 GC heap before
{Heap before GC invocations=37 (full 5):
 PSYoungGen      total 427520K, used 385607K [0x00000000e0000000, 0x0000000100000000, 0x0000000100000000)
  eden space 330752K, 100% used [0x00000000e0000000,0x00000000f4300000,0x00000000f4300000)
  from space 96768K, 56% used [0x00000000f4300000,0x00000000f7891eb0,0x00000000fa180000)
  to   space 95744K, 0% used [0x00000000fa280000,0x00000000fa280000,0x0000000100000000)
 ParOldGen       total 278016K, used 96747K [0x00000000a0000000, 0x00000000b0f80000, 0x00000000e0000000)
  object space 278016K, 34% used [0x00000000a0000000,0x00000000a5e7ac20,0x00000000b0f80000)
 Metaspace       used 192663K, capacity 205978K, committed 206080K, reserved 1228800K
  class space    used 24425K, capacity 26780K, committed 26880K, reserved 1048576K
Event: 3662.636 GC heap after
Heap after GC invocations=37 (full 5):
 PSYoungGen      total 406016K, used 88371K [0x00000000e0000000, 0x0000000100000000, 0x0000000100000000)
  eden space 310272K, 0% used [0x00000000e0000000,0x00000000e0000000,0x00000000f2f00000)
  from space 95744K, 92% used [0x00000000fa280000,0x00000000ff8ccc50,0x0000000100000000)
  to   space 107008K, 0% used [0x00000000f2f00000,0x00000000f2f00000,0x00000000f9780000)
 ParOldGen       total 278016K, used 96747K [0x00000000a0000000, 0x00000000b0f80000, 0x00000000e0000000)
  object space 278016K, 34% used [0x00000000a0000000,0x00000000a5e7ac20,0x00000000b0f80000)
 Metaspace       used 192663K, capacity 205978K, committed 206080K, reserved 1228800K
  class space    used 24425K, capacity 26780K, committed 26880K, reserved 1048576K
}

